[debug] [2022-01-26T18:36:55.919Z] ----------------------------------------------------------------------
[debug] [2022-01-26T18:36:55.921Z] Command:       C:\Program Files\nodejs\node.exe C:\Users\chris\AppData\Roaming\npm\node_modules\firebase-tools\lib\bin\firebase.js init
[debug] [2022-01-26T18:36:55.921Z] CLI Version:   10.1.2
[debug] [2022-01-26T18:36:55.921Z] Platform:      win32
[debug] [2022-01-26T18:36:55.921Z] Node Version:  v16.7.0
[debug] [2022-01-26T18:36:55.922Z] Time:          Wed Jan 26 2022 13:36:55 GMT-0500 (Eastern Standard Time)
[debug] [2022-01-26T18:36:55.922Z] ----------------------------------------------------------------------
[debug] 
[debug] [2022-01-26T18:36:55.928Z] > command requires scopes: ["email","openid","https://www.googleapis.com/auth/cloudplatformprojects.readonly","https://www.googleapis.com/auth/firebase","https://www.googleapis.com/auth/cloud-platform"]
[debug] [2022-01-26T18:36:55.929Z] > authorizing via signed-in user (christiansmith2394@gmail.com)
[info] 
     ######## #### ########  ######## ########     ###     ######  ########
     ##        ##  ##     ## ##       ##     ##  ##   ##  ##       ##
     ######    ##  ########  ######   ########  #########  ######  ######
     ##        ##  ##    ##  ##       ##     ## ##     ##       ## ##
     ##       #### ##     ## ######## ########  ##     ##  ######  ########

You're about to initialize a Firebase project in this directory:

  C:\Users\chris\Desktop\site

[info] 
=== Project Setup
[info] 
[info] First, let's associate this project directory with a Firebase project.
[info] You can create multiple project aliases by running firebase use --add, 
[info] but for now we'll just set up a default project.
[info] 
[info] 
=== Database Setup
[info] 
[info] Firebase Realtime Database Security Rules allow you to define how your data should be
[info] structured and when your data can be read from and written to.
[info] 
